<?xml version="1.0" encoding="UTF-8"?>
<!-- Generated by org.testng.reporters.JUnitReportReporter -->
<testsuite skipped="0" hostname="LadZone-PC" name="com.testcases.SignInTest" tests="1" failures="0" timestamp="30 Nov 2019 20:22:10 GMT" time="7.170" errors="0">
  <testcase name="signInTest" time="7.170" classname="com.testcases.SignInTest"/>
</testsuite> <!-- com.testcases.SignInTest -->
