<?xml version="1.0" encoding="UTF-8"?>
<!-- Generated by org.testng.reporters.JUnitReportReporter -->
<testsuite skipped="0" hostname="LadZone-PC" name="com.testcases.LoginTest" tests="1" failures="0" timestamp="30 Nov 2019 20:22:10 GMT" time="5.819" errors="0">
  <testcase name="loginTest" time="5.819" classname="com.testcases.LoginTest"/>
</testsuite> <!-- com.testcases.LoginTest -->
